<?xml version="1.0" encoding="UTF-8"?>
<!-- Generated by org.testng.reporters.JUnitReportReporter -->
<testsuite skipped="0" hostname="FIRATs-MPro-Retina.local" name="com.frt.hotels.com.tests.TestCase1" tests="1"
           failures="0" timestamp="2020-07-21T18:10:10 EDT" time="16.598" errors="0">
    <testcase name="testCase1" time="16.598" classname="com.frt.hotels.com.tests.TestCase1"/>
    <system-out/>
</testsuite> <!-- com.frt.hotels.com.tests.TestCase1 -->
