<?xml version="1.0" encoding="UTF-8"?>
<!-- Generated by org.testng.reporters.JUnitReportReporter -->
<testsuite skipped="0" hostname="FIRATs-MPro-Retina.local" name="com.frt.hotels.com.tests.HotelsPageTest" tests="4"
           failures="0" timestamp="2020-07-20T00:58:05 EDT" time="22.392" errors="0">
    <testcase name="verifyHotelsPage" time="12.980" classname="com.frt.hotels.com.tests.HotelsPageTest"/>
    <system-out/>
    <testcase name="distanceSelect" time="2.281" classname="com.frt.hotels.com.tests.HotelsPageTest"/>
    <system-out/>
    <testcase name="starSelect" time="3.533" classname="com.frt.hotels.com.tests.HotelsPageTest"/>
    <system-out/>
    <testcase name="verifyHilton" time="3.598" classname="com.frt.hotels.com.tests.HotelsPageTest"/>
    <system-out/>
</testsuite> <!-- com.frt.hotels.com.tests.HotelsPageTest -->
