<?xml version="1.0" encoding="UTF-8"?>
<!-- Generated by org.testng.reporters.JUnitReportReporter -->
<testsuite skipped="2" hostname="FIRATs-MPro-Retina.local" name="com.frt.hotels.com.tests.TestCase2" tests="3"
           failures="0" timestamp="2020-08-02T22:27:08 EDT" time="61.404" errors="0">
    <testcase name="testCase2ThreeStar" time="61.404" classname="com.frt.hotels.com.tests.TestCase2"/>
    <system-out/>
    <testcase name="testCase2FourStar" classname="com.frt.hotels.com.tests.TestCase2">
        <skipped/>
    </testcase> <!-- testCase2FourStar -->
    <system-out/>
    <testcase name="testCase2FiveStar" classname="com.frt.hotels.com.tests.TestCase2">
        <skipped/>
    </testcase> <!-- testCase2FiveStar -->
    <system-out/>
</testsuite> <!-- com.frt.hotels.com.tests.TestCase2 -->
